  main.cpp
H:\multi-metric_graph\code\Scatter Forest\main.cpp(1,1): warning C4005: “_CRT_SECURE_NO_WARNINGS”: 宏重定义
H:\multi-metric_graph\code\Scatter Forest\main.cpp : message : 参见“_CRT_SECURE_NO_WARNINGS”的前一个定义
H:\multi-metric_graph\code\Scatter Forest\main.cpp(22,25): warning C4305: “初始化”: 从“double”到“float”截断
H:\multi-metric_graph\code\Scatter Forest\main.cpp(186,14): warning C4244: “初始化”: 从“double”转换到“int”，可能丢失数据
H:\multi-metric_graph\code\Scatter Forest\main.cpp(249,27): warning C4267: “初始化”: 从“size_t”转换到“int”，可能丢失数据
H:\multi-metric_graph\code\Scatter Forest\main.cpp(284,47): warning C4305: “参数”: 从“double”到“float”截断
H:\multi-metric_graph\code\Scatter Forest\main.cpp(324,14): warning C4244: “初始化”: 从“double”转换到“int”，可能丢失数据
H:\multi-metric_graph\code\Scatter Forest\main.cpp(362,25): warning C4267: “初始化”: 从“size_t”转换到“int”，可能丢失数据
H:\multi-metric_graph\code\Scatter Forest\main.cpp(482,2): warning C4267: “初始化”: 从“size_t”转换到“int”，可能丢失数据
H:\multi-metric_graph\code\Scatter Forest\main.cpp(506,25): warning C4267: “初始化”: 从“size_t”转换到“int”，可能丢失数据
H:\multi-metric_graph\code\Scatter Forest\main.cpp(595,54): warning C4244: “参数”: 从“double”转换到“float”，可能丢失数据
H:\multi-metric_graph\code\Scatter Forest\main.cpp(620,29): warning C4267: “初始化”: 从“size_t”转换到“int”，可能丢失数据
H:\multi-metric_graph\code\Scatter Forest\main.cpp(622,18): warning C4244: “=”: 从“double”转换到“float”，可能丢失数据
H:\multi-metric_graph\code\Scatter Forest\main.cpp(634,55): warning C4244: “=”: 从“double”转换到“float”，可能丢失数据
H:\multi-metric_graph\code\Scatter Forest\main.cpp(665,40): warning C4244: “=”: 从“double”转换到“float”，可能丢失数据
H:\multi-metric_graph\code\Scatter Forest\main.cpp(755,29): warning C4267: “初始化”: 从“size_t”转换到“int”，可能丢失数据
H:\multi-metric_graph\code\Scatter Forest\main.cpp(757,49): warning C4244: “=”: 从“double”转换到“float”，可能丢失数据
H:\multi-metric_graph\code\Scatter Forest\main.cpp(770,54): warning C4244: “=”: 从“double”转换到“float”，可能丢失数据
H:\multi-metric_graph\code\Scatter Forest\main.cpp(792,39): warning C4244: “=”: 从“double”转换到“float”，可能丢失数据
  正在生成代码
  57 of 672 functions ( 8.5%) were compiled, the rest were copied from previous compilation.
    0 functions were new in current compilation
    8 functions had inline decision re-evaluated but remain unchanged
  已完成代码的生成
  PM-Tree.vcxproj -> H:\multi-metric_graph\code\Scatter Forest\x64\Release\Scatter Forest.exe
